"2022-07-28 22:56:30 [main] INFO  com.example.demo.LoggingApplication - Starting LoggingApplication using Java 11.0.4 on viveksoni100 with PID 6381 (/home/vivek/Git/LogMechanism/logg_using_logbackxml/target/classes started by vivek in /home/vivek/Git/LogMechanism/logg_using_logbackxml)
""2022-07-28 22:56:30 [main] DEBUG com.example.demo.LoggingApplication - Running with Spring Boot v2.7.2, Spring v5.3.22
""2022-07-28 22:56:30 [main] INFO  com.example.demo.LoggingApplication - No active profile set, falling back to 1 default profile: "default"
""2022-07-28 22:56:30 [main] INFO  o.s.b.w.e.tomcat.TomcatWebServer - Tomcat initialized with port(s): 9090 (http)
""2022-07-28 22:56:30 [main] INFO  o.a.catalina.core.StandardService - Starting service [Tomcat]
""2022-07-28 22:56:30 [main] INFO  o.a.catalina.core.StandardEngine - Starting Servlet engine: [Apache Tomcat/9.0.65]
""2022-07-28 22:56:30 [main] INFO  o.a.c.c.C.[Tomcat].[localhost].[/] - Initializing Spring embedded WebApplicationContext
""2022-07-28 22:56:30 [main] INFO  o.s.b.w.s.c.ServletWebServerApplicationContext - Root WebApplicationContext: initialization completed in 771 ms
""2022-07-28 22:56:31 [main] INFO  o.s.b.w.e.tomcat.TomcatWebServer - Tomcat started on port(s): 9090 (http) with context path ''
""2022-07-28 22:56:31 [main] INFO  com.example.demo.LoggingApplication - Started LoggingApplication in 1.642 seconds (JVM running for 4.328)
""2022-07-28 22:57:06 [http-nio-9090-exec-1] INFO  o.a.c.c.C.[Tomcat].[localhost].[/] - Initializing Spring DispatcherServlet 'dispatcherServlet'
""2022-07-28 23:03:05 [main] INFO  com.example.demo.LoggingApplication - Starting LoggingApplication using Java 11.0.4 on viveksoni100 with PID 7021 (/home/vivek/Git/LogMechanism/logg_using_logbackxml/target/classes started by vivek in /home/vivek/Git/LogMechanism/logg_using_logbackxml)
""2022-07-28 23:03:05 [main] DEBUG com.example.demo.LoggingApplication - Running with Spring Boot v2.7.2, Spring v5.3.22
""2022-07-28 23:03:05 [main] INFO  com.example.demo.LoggingApplication - No active profile set, falling back to 1 default profile: "default"
""2022-07-28 23:03:06 [main] INFO  o.s.b.w.e.tomcat.TomcatWebServer - Tomcat initialized with port(s): 9090 (http)
""2022-07-28 23:03:06 [main] INFO  o.a.catalina.core.StandardService - Starting service [Tomcat]
""2022-07-28 23:03:06 [main] INFO  o.a.catalina.core.StandardEngine - Starting Servlet engine: [Apache Tomcat/9.0.65]
""2022-07-28 23:03:06 [main] INFO  o.a.c.c.C.[Tomcat].[localhost].[/] - Initializing Spring embedded WebApplicationContext
""2022-07-28 23:03:06 [main] INFO  o.s.b.w.s.c.ServletWebServerApplicationContext - Root WebApplicationContext: initialization completed in 694 ms
""2022-07-28 23:03:06 [main] INFO  o.s.b.w.e.tomcat.TomcatWebServer - Tomcat started on port(s): 9090 (http) with context path ''
""2022-07-28 23:03:06 [main] INFO  com.example.demo.LoggingApplication - Started LoggingApplication in 1.359 seconds (JVM running for 2.743)
""2022-07-28 23:04:06 [http-nio-9090-exec-1] INFO  o.a.c.c.C.[Tomcat].[localhost].[/] - Initializing Spring DispatcherServlet 'dispatcherServlet'
""2022-07-28 23:04:06 [http-nio-9090-exec-1] DEBUG com.example.demo.LoggingApplication - request Vivek
""2022-07-28 23:04:06 [http-nio-9090-exec-1] DEBUG com.example.demo.LoggingApplication - response Hi Vivek Welcome to the Jungle!
"2022-07-28 23:08:22 [main] INFO  com.example.demo.LoggingApplication - Starting LoggingApplication using Java 11.0.4 on viveksoni100 with PID 8259 (/home/vivek/Git/LogMechanism/logg_using_logbackxml/target/classes started by vivek in /home/vivek/Git/LogMechanism/logg_using_logbackxml)
2022-07-28 23:08:22 [main] DEBUG com.example.demo.LoggingApplication - Running with Spring Boot v2.7.2, Spring v5.3.22
2022-07-28 23:08:22 [main] INFO  com.example.demo.LoggingApplication - No active profile set, falling back to 1 default profile: "default"
2022-07-28 23:08:23 [main] INFO  o.s.b.w.e.tomcat.TomcatWebServer - Tomcat initialized with port(s): 9090 (http)
2022-07-28 23:08:23 [main] INFO  o.a.catalina.core.StandardService - Starting service [Tomcat]
2022-07-28 23:08:23 [main] INFO  o.a.catalina.core.StandardEngine - Starting Servlet engine: [Apache Tomcat/9.0.65]
2022-07-28 23:08:23 [main] INFO  o.a.c.c.C.[Tomcat].[localhost].[/] - Initializing Spring embedded WebApplicationContext
2022-07-28 23:08:23 [main] INFO  o.s.b.w.s.c.ServletWebServerApplicationContext - Root WebApplicationContext: initialization completed in 634 ms
2022-07-28 23:08:23 [main] INFO  o.s.b.w.e.tomcat.TomcatWebServer - Tomcat started on port(s): 9090 (http) with context path ''
2022-07-28 23:08:23 [main] INFO  com.example.demo.LoggingApplication - Started LoggingApplication in 1.322 seconds (JVM running for 2.641)
